<?xml version="1.0" encoding="UTF-8"?>
<testsuite xmlns:xsi="http://www.w3.org/2001/XMLSchema-instance" xsi:noNamespaceSchemaLocation="https://maven.apache.org/surefire/maven-surefire-plugin/xsd/surefire-test-report.xsd" name="io.github.robertomessabrasil.ddd.infrastructure.h2db.UserTest" time="2.317" tests="2" errors="1" skipped="1" failures="0">
  <properties>
[...]
</properties>
  <testcase name="givenParameters_createUser" classname="io.github.robertomessabrasil.ddd.infrastructure.h2db.UserTest" time="0.103">
    <error message="org.hibernate.exception.ConstraintViolationException: could not execute statement [Unique index or primary key violation: &quot;PUBLIC.CONSTRAINT_INDEX_B ON PUBLIC.USER_USER(NAME NULLS FIRST) VALUES ( /* 1 */ &apos;Roberto Messa&apos; )&quot;; SQL statement:&#10;insert into user_user (email,name,role,id) values (?,?,?,default) [23505-224]] [insert into user_user (email,name,role,id) values (?,?,?,default)]" type="io.github.robertomessabrasil.dddad.domain.exception.InfrastructureException">io.github.robertomessabrasil.dddad.domain.exception.InfrastructureException: 
org.hibernate.exception.ConstraintViolationException: could not execute statement [Unique index or primary key violation: "PUBLIC.CONSTRAINT_INDEX_B ON PUBLIC.USER_USER(NAME NULLS FIRST) VALUES ( /* 1 */ 'Roberto Messa' )"; SQL statement:
insert into user_user (email,name,role,id) values (?,?,?,default) [23505-224]] [insert into user_user (email,name,role,id) values (?,?,?,default)]
	at io.github.robertomessabrasil.ddd.infrastructure.h2db.UserTest.givenParameters_createUser(UserTest.java:57)
Caused by: org.hibernate.exception.ConstraintViolationException: 
could not execute statement [Unique index or primary key violation: "PUBLIC.CONSTRAINT_INDEX_B ON PUBLIC.USER_USER(NAME NULLS FIRST) VALUES ( /* 1 */ 'Roberto Messa' )"; SQL statement:
insert into user_user (email,name,role,id) values (?,?,?,default) [23505-224]] [insert into user_user (email,name,role,id) values (?,?,?,default)]
	at io.github.robertomessabrasil.ddd.infrastructure.h2db.UserTest.givenParameters_createUser(UserTest.java:57)
Caused by: org.h2.jdbc.JdbcSQLIntegrityConstraintViolationException: 
Unique index or primary key violation: "PUBLIC.CONSTRAINT_INDEX_B ON PUBLIC.USER_USER(NAME NULLS FIRST) VALUES ( /* 1 */ 'Roberto Messa' )"; SQL statement:
insert into user_user (email,name,role,id) values (?,?,?,default) [23505-224]
	at io.github.robertomessabrasil.ddd.infrastructure.h2db.UserTest.givenParameters_createUser(UserTest.java:57)
</error>
    <system-err><![CDATA[ago. 08, 2024 10:53:22 AM org.hibernate.jpa.internal.util.LogHelper logPersistenceUnitInformation
INFO: HHH000204: Processing PersistenceUnitInfo [name: io.github.robertomessabrasil.dddad.infra.h2db]
ago. 08, 2024 10:53:22 AM org.hibernate.Version logVersion
INFO: HHH000412: Hibernate ORM core version 6.5.2.Final
ago. 08, 2024 10:53:22 AM org.hibernate.cache.internal.RegionFactoryInitiator initiateService
INFO: HHH000026: Second-level cache disabled
ago. 08, 2024 10:53:22 AM org.hibernate.engine.jdbc.connections.internal.DriverManagerConnectionProviderImpl configure
WARN: HHH10001002: Using built-in connection pool (not intended for production use)
ago. 08, 2024 10:53:22 AM org.hibernate.engine.jdbc.connections.internal.DriverManagerConnectionProviderImpl buildCreator
INFO: HHH10001005: Loaded JDBC driver class: org.h2.Driver
ago. 08, 2024 10:53:22 AM org.hibernate.engine.jdbc.connections.internal.DriverManagerConnectionProviderImpl buildCreator
INFO: HHH10001012: Connecting with JDBC URL [jdbc:h2:mem:test]
ago. 08, 2024 10:53:22 AM org.hibernate.engine.jdbc.connections.internal.DriverManagerConnectionProviderImpl buildCreator
INFO: HHH10001001: Connection properties: {password=****, user=sa}
ago. 08, 2024 10:53:22 AM org.hibernate.engine.jdbc.connections.internal.DriverManagerConnectionProviderImpl buildCreator
INFO: HHH10001003: Autocommit mode: false
ago. 08, 2024 10:53:22 AM org.hibernate.engine.jdbc.connections.internal.DriverManagerConnectionProviderImpl$PooledConnections <init>
INFO: HHH10001115: Connection pool size: 20 (min=1)
ago. 08, 2024 10:53:24 AM org.hibernate.engine.transaction.jta.platform.internal.JtaPlatformInitiator initiateService
INFO: HHH000489: No JTA platform available (set 'hibernate.transaction.jta.platform' to enable JTA platform integration)
ago. 08, 2024 10:53:24 AM org.hibernate.resource.transaction.backend.jdbc.internal.DdlTransactionIsolatorNonJtaImpl getIsolatedConnection
INFO: HHH10001501: Connection obtained from JdbcConnectionAccess [org.hibernate.engine.jdbc.env.internal.JdbcEnvironmentInitiator$ConnectionProviderJdbcConnectionAccess@1c5d3a37] for (non-JTA) DDL execution was not in auto-commit mode; the Connection 'local transaction' will be committed and the Connection will be set into auto-commit mode.
ago. 08, 2024 10:53:24 AM org.hibernate.resource.transaction.backend.jdbc.internal.DdlTransactionIsolatorNonJtaImpl getIsolatedConnection
INFO: HHH10001501: Connection obtained from JdbcConnectionAccess [org.hibernate.engine.jdbc.env.internal.JdbcEnvironmentInitiator$ConnectionProviderJdbcConnectionAccess@4def7d36] for (non-JTA) DDL execution was not in auto-commit mode; the Connection 'local transaction' will be committed and the Connection will be set into auto-commit mode.
ago. 08, 2024 10:53:24 AM org.hibernate.engine.jdbc.spi.SqlExceptionHelper logExceptions
WARN: SQL Error: 23505, SQLState: 23505
ago. 08, 2024 10:53:24 AM org.hibernate.engine.jdbc.spi.SqlExceptionHelper logExceptions
ERROR: Unique index or primary key violation: "PUBLIC.CONSTRAINT_INDEX_B ON PUBLIC.USER_USER(NAME NULLS FIRST) VALUES ( /* 1 */ 'Roberto Messa' )"; SQL statement:
insert into user_user (email,name,role,id) values (?,?,?,default) [23505-224]
]]></system-err>
  </testcase>
  <testcase name="giverUserId_returnUser" classname="io.github.robertomessabrasil.ddd.infrastructure.h2db.UserTest" time="0">
    <skipped message="public void io.github.robertomessabrasil.ddd.infrastructure.h2db.UserTest.giverUserId_returnUser() throws io.github.robertomessabrasil.dddad.domain.exception.InfrastructureException is @Disabled"/>
  </testcase>
</testsuite>