<?xml version="1.0" encoding="UTF-8"?>
<testsuite xmlns:xsi="http://www.w3.org/2001/XMLSchema-instance" xsi:noNamespaceSchemaLocation="https://maven.apache.org/surefire/maven-surefire-plugin/xsd/surefire-test-report.xsd" name="io.github.robertomessabrasil.ddd.infrastructure.h2db.UserTest" time="4.147" tests="2" errors="0" skipped="0" failures="0">
  <properties>
[...]
</properties>
  <testcase name="givenParameters_createUser" classname="io.github.robertomessabrasil.ddd.infrastructure.h2db.UserTest" time="0.207"/>
  <testcase name="giverUserId_returnUser" classname="io.github.robertomessabrasil.ddd.infrastructure.h2db.UserTest" time="0.014"/>
</testsuite>